<?xml version="1.0" encoding="UTF-8"?>
<!-- Generated by org.testng.reporters.JUnitReportReporter -->
<testsuite hostname="Zainab_intern" failures="0" tests="4" name="DynamicWebTableAutomation" time="4.354" errors="0" timestamp="2024-09-13T12:51:15 IST" skipped="0">
  <testcase classname="DynamicWebTableAutomation" name="verifyLastNameSorting" time="0.886"/>
  <testcase classname="DynamicWebTableAutomation" name="verifyFirstNameSorting" time="2.504"/>
  <testcase classname="DynamicWebTableAutomation" name="verifyEmailSorting" time="0.473"/>
  <testcase classname="DynamicWebTableAutomation" name="verifyDueSorting" time="0.491"/>
</testsuite> <!-- DynamicWebTableAutomation -->
